# JRE version: Java(TM) SE Runtime Environment (7.0_75-b13) (build 1.7.0_75-b13)
# Java VM: Java HotSpot(TM) Client VM (24.75-b04 mixed mode, sharing windows-x86 )
Heap
 def new generation   total 4928K, used 2559K [0x23a00000, 0x23f50000, 0x28f50000)
  eden space 4416K,  57% used [0x23a00000, 0x23c7d6c0, 0x23e50000)
  from space 512K,   1% used [0x23ed0000, 0x23ed27d0, 0x23f50000)
  to   space 512K,   0% used [0x23e50000, 0x23e50000, 0x23ed0000)
 tenured generation   total 10944K, used 1648K [0x28f50000, 0x29a00000, 0x33a00000)
   the space 10944K,  15% used [0x28f50000, 0x290ec318, 0x290ec400, 0x29a00000)
 compacting perm gen  total 12288K, used 2397K [0x33a00000, 0x34600000, 0x37a00000)
   the space 12288K,  19% used [0x33a00000, 0x33c57500, 0x33c57600, 0x34600000)
    ro space 10240K,  44% used [0x37a00000, 0x37e7b880, 0x37e7ba00, 0x38400000)
    rw space 12288K,  52% used [0x38400000, 0x38a43888, 0x38a43a00, 0x39000000)
GC Heap History (10 events):
Event: 0.392 GC heap before
{Heap before GC invocations=0 (full 0):
 def new generation   total 4928K, used 4403K [0x23a00000, 0x23f50000, 0x28f50000)
  eden space 4416K,  99% used [0x23a00000, 0x23e4cd68, 0x23e50000)
  from space 512K,   0% used [0x23e50000, 0x23e50000, 0x23ed0000)
  to   space 512K,   0% used [0x23ed0000, 0x23ed0000, 0x23f50000)
 tenured generation   total 10944K, used 0K [0x28f50000, 0x29a00000, 0x33a00000)
   the space 10944K,   0% used [0x28f50000, 0x28f50000, 0x28f50200, 0x29a00000)
 compacting perm gen  total 12288K, used 1590K [0x33a00000, 0x34600000, 0x37a00000)
   the space 12288K,  12% used [0x33a00000, 0x33b8d900, 0x33b8da00, 0x34600000)
    ro space 10240K,  44% used [0x37a00000, 0x37e7b880, 0x37e7ba00, 0x38400000)
    rw space 12288K,  52% used [0x38400000, 0x38a43888, 0x38a43a00, 0x39000000)
Event: 0.398 GC heap after
Heap after GC invocations=1 (full 0):
 def new generation   total 4928K, used 512K [0x23a00000, 0x23f50000, 0x28f50000)
  eden space 4416K,   0% used [0x23a00000, 0x23a00000, 0x23e50000)
  from space 512K, 100% used [0x23ed0000, 0x23f50000, 0x23f50000)
  to   space 512K,   0% used [0x23e50000, 0x23e50000, 0x23ed0000)
 tenured generation   total 10944K, used 805K [0x28f50000, 0x29a00000, 0x33a00000)
   the space 10944K,   7% used [0x28f50000, 0x29019520, 0x29019600, 0x29a00000)
 compacting perm gen  total 12288K, used 1590K [0x33a00000, 0x34600000, 0x37a00000)
   the space 12288K,  12% used [0x33a00000, 0x33b8d900, 0x33b8da00, 0x34600000)
    ro space 10240K,  44% used [0x37a00000, 0x37e7b880, 0x37e7ba00, 0x38400000)
    rw space 12288K,  52% used [0x38400000, 0x38a43888, 0x38a43a00, 0x39000000)
}
Event: 7.527 GC heap before
{Heap before GC invocations=1 (full 0):
 def new generation   total 4928K, used 4928K [0x23a00000, 0x23f50000, 0x28f50000)
  eden space 4416K, 100% used [0x23a00000, 0x23e50000, 0x23e50000)
  from space 512K, 100% used [0x23ed0000, 0x23f50000, 0x23f50000)
  to   space 512K,   0% used [0x23e50000, 0x23e50000, 0x23ed0000)
 tenured generation   total 10944K, used 805K [0x28f50000, 0x29a00000, 0x33a00000)
   the space 10944K,   7% used [0x28f50000, 0x29019520, 0x29019600, 0x29a00000)
 compacting perm gen  total 12288K, used 2148K [0x33a00000, 0x34600000, 0x37a00000)
   the space 12288K,  17% used [0x33a00000, 0x33c19018, 0x33c19200, 0x34600000)
    ro space 10240K,  44% used [0x37a00000, 0x37e7b880, 0x37e7ba00, 0x38400000)
    rw space 12288K,  52% used [0x38400000, 0x38a43888, 0x38a43a00, 0x39000000)
Event: 7.532 GC heap after
Heap after GC invocations=2 (full 0):
 def new generation   total 4928K, used 512K [0x23a00000, 0x23f50000, 0x28f50000)
  eden space 4416K,   0% used [0x23a00000, 0x23a00000, 0x23e50000)
  from space 512K, 100% used [0x23e50000, 0x23ed0000, 0x23ed0000)
  to   space 512K,   0% used [0x23ed0000, 0x23ed0000, 0x23f50000)
 tenured generation   total 10944K, used 1307K [0x28f50000, 0x29a00000, 0x33a00000)
   the space 10944K,  11% used [0x28f50000, 0x29096fd0, 0x29097000, 0x29a00000)
 compacting perm gen  total 12288K, used 2148K [0x33a00000, 0x34600000, 0x37a00000)
   the space 12288K,  17% used [0x33a00000, 0x33c19018, 0x33c19200, 0x34600000)
    ro space 10240K,  44% used [0x37a00000, 0x37e7b880, 0x37e7ba00, 0x38400000)
    rw space 12288K,  52% used [0x38400000, 0x38a43888, 0x38a43a00, 0x39000000)
}
Event: 7.786 GC heap before
{Heap before GC invocations=2 (full 0):
 def new generation   total 4928K, used 4928K [0x23a00000, 0x23f50000, 0x28f50000)
  eden space 4416K, 100% used [0x23a00000, 0x23e50000, 0x23e50000)
  from space 512K, 100% used [0x23e50000, 0x23ed0000, 0x23ed0000)
  to   space 512K,   0% used [0x23ed0000, 0x23ed0000, 0x23f50000)
 tenured generation   total 10944K, used 1307K [0x28f50000, 0x29a00000, 0x33a00000)
   the space 10944K,  11% used [0x28f50000, 0x29096fd0, 0x29097000, 0x29a00000)
 compacting perm gen  total 12288K, used 2212K [0x33a00000, 0x34600000, 0x37a00000)
   the space 12288K,  18% used [0x33a00000, 0x33c292a0, 0x33c29400, 0x34600000)
    ro space 10240K,  44% used [0x37a00000, 0x37e7b880, 0x37e7ba00, 0x38400000)
    rw space 12288K,  52% used [0x38400000, 0x38a43888, 0x38a43a00, 0x39000000)
Event: 7.788 GC heap after
Heap after GC invocations=3 (full 0):
 def new generation   total 4928K, used 18K [0x23a00000, 0x23f50000, 0x28f50000)
  eden space 4416K,   0% used [0x23a00000, 0x23a00000, 0x23e50000)
  from space 512K,   3% used [0x23ed0000, 0x23ed4800, 0x23f50000)
  to   space 512K,   0% used [0x23e50000, 0x23e50000, 0x23ed0000)
 tenured generation   total 10944K, used 1648K [0x28f50000, 0x29a00000, 0x33a00000)
   the space 10944K,  15% used [0x28f50000, 0x290ec318, 0x290ec400, 0x29a00000)
 compacting perm gen  total 12288K, used 2212K [0x33a00000, 0x34600000, 0x37a00000)
   the space 12288K,  18% used [0x33a00000, 0x33c292a0, 0x33c29400, 0x34600000)
    ro space 10240K,  44% used [0x37a00000, 0x37e7b880, 0x37e7ba00, 0x38400000)
    rw space 12288K,  52% used [0x38400000, 0x38a43888, 0x38a43a00, 0x39000000)
}
Event: 7.988 GC heap before
{Heap before GC invocations=3 (full 0):
 def new generation   total 4928K, used 4434K [0x23a00000, 0x23f50000, 0x28f50000)
  eden space 4416K, 100% used [0x23a00000, 0x23e50000, 0x23e50000)
  from space 512K,   3% used [0x23ed0000, 0x23ed4800, 0x23f50000)
  to   space 512K,   0% used [0x23e50000, 0x23e50000, 0x23ed0000)
 tenured generation   total 10944K, used 1648K [0x28f50000, 0x29a00000, 0x33a00000)
   the space 10944K,  15% used [0x28f50000, 0x290ec318, 0x290ec400, 0x29a00000)
 compacting perm gen  total 12288K, used 2212K [0x33a00000, 0x34600000, 0x37a00000)
   the space 12288K,  18% used [0x33a00000, 0x33c292b0, 0x33c29400, 0x34600000)
    ro space 10240K,  44% used [0x37a00000, 0x37e7b880, 0x37e7ba00, 0x38400000)
    rw space 12288K,  52% used [0x38400000, 0x38a43888, 0x38a43a00, 0x39000000)
Event: 7.988 GC heap after
Heap after GC invocations=4 (full 0):
 def new generation   total 4928K, used 15K [0x23a00000, 0x23f50000, 0x28f50000)
  eden space 4416K,   0% used [0x23a00000, 0x23a00000, 0x23e50000)
  from space 512K,   2% used [0x23e50000, 0x23e53c98, 0x23ed0000)
  to   space 512K,   0% used [0x23ed0000, 0x23ed0000, 0x23f50000)
 tenured generation   total 10944K, used 1648K [0x28f50000, 0x29a00000, 0x33a00000)
   the space 10944K,  15% used [0x28f50000, 0x290ec318, 0x290ec400, 0x29a00000)
 compacting perm gen  total 12288K, used 2212K [0x33a00000, 0x34600000, 0x37a00000)
   the space 12288K,  18% used [0x33a00000, 0x33c292b0, 0x33c29400, 0x34600000)
    ro space 10240K,  44% used [0x37a00000, 0x37e7b880, 0x37e7ba00, 0x38400000)
    rw space 12288K,  52% used [0x38400000, 0x38a43888, 0x38a43a00, 0x39000000)
}
Event: 16.658 GC heap before
{Heap before GC invocations=4 (full 0):
 def new generation   total 4928K, used 4431K [0x23a00000, 0x23f50000, 0x28f50000)
  eden space 4416K, 100% used [0x23a00000, 0x23e50000, 0x23e50000)
  from space 512K,   2% used [0x23e50000, 0x23e53c98, 0x23ed0000)
  to   space 512K,   0% used [0x23ed0000, 0x23ed0000, 0x23f50000)
 tenured generation   total 10944K, used 1648K [0x28f50000, 0x29a00000, 0x33a00000)
   the space 10944K,  15% used [0x28f50000, 0x290ec318, 0x290ec400, 0x29a00000)
 compacting perm gen  total 12288K, used 2218K [0x33a00000, 0x34600000, 0x37a00000)
   the space 12288K,  18% used [0x33a00000, 0x33c2a8f0, 0x33c2aa00, 0x34600000)
    ro space 10240K,  44% used [0x37a00000, 0x37e7b880, 0x37e7ba00, 0x38400000)
    rw space 12288K,  52% used [0x38400000, 0x38a43888, 0x38a43a00, 0x39000000)
Event: 16.659 GC heap after
Heap after GC invocations=5 (full 0):
 def new generation   total 4928K, used 9K [0x23a00000, 0x23f50000, 0x28f50000)
  eden space 4416K,   0% used [0x23a00000, 0x23a00000, 0x23e50000)
  from space 512K,   1% used [0x23ed0000, 0x23ed27d0, 0x23f50000)
  to   space 512K,   0% used [0x23e50000, 0x23e50000, 0x23ed0000)
 tenured generation   total 10944K, used 1648K [0x28f50000, 0x29a00000, 0x33a00000)
   the space 10944K,  15% used [0x28f50000, 0x290ec318, 0x290ec400, 0x29a00000)
 compacting perm gen  total 12288K, used 2218K [0x33a00000, 0x34600000, 0x37a00000)
   the space 12288K,  18% used [0x33a00000, 0x33c2a8f0, 0x33c2aa00, 0x34600000)
    ro space 10240K,  44% used [0x37a00000, 0x37e7b880, 0x37e7ba00, 0x38400000)
    rw space 12288K,  52% used [0x38400000, 0x38a43888, 0x38a43a00, 0x39000000)
}

